
ROM used:   767/8192 (9%)
            767/8192 (9%) including unused fragments

            0.9 Average locations per line
            16.7 Average locations per statement

RAM used:   20/368 (5%) at main() level
            34/368 (9%) worst case

Stack used: 1 worst case (1 in main + 0 for interrupts)
Stack size: 8

Lines Stmts  %   Files
----- ----- ---  -----
   66    46 100  ultrasonic.c
  809     0   0  ..\..\..\..\..\Program Files (x86)\PICC\Devices\16f887.h
----- -----
  875    46 Total

Page ROM  %  RAM    Vol Diff  Functions:
---- --- --- ---    --- ----  ----------
0     20   3    1             @delay_ms1
0    453  59    0    338  4.5  get_distance
0     29   4    2    791  5.3  @ITOF
 Inline        14    791  5.3  @DIVFF
 Inline         4    791  5.3  @SFTOI
 Inline        13    791  5.3  @MULFF
0    198  26    0    821  5.3  MAIN
0     63   8   10    158  3.5  @FLT
 Inline         0             @cinit1

Program metrics:
    Functions               7
    Statements              46
    Comments                141
    Volume (V)              6504
    Difficulty (D)          34.7
    Effort to implement (E) 225712
    Time to implement (T)   3 hours, 29 minutes
    Est Delivered Bugs (B)  1
    Cyclomatic Complexity   17
    Maintainability (MI)    135

 Segment     Used  Free
-----------  ----  ----
00000-00003     4  0  
00004-007FF   763  1281  
00800-00FFF     0  2048  
01000-017FF     0  2048  
01800-01FFF     0  2048  



