
ROM used:   694/8192 (8%)
            694/8192 (8%) including unused fragments

            0.8 Average locations per line
            18.3 Average locations per statement

RAM used:   16/368 (4%) at main() level
            30/368 (8%) worst case

Stack used: 1 worst case (1 in main + 0 for interrupts)
Stack size: 8

Lines Stmts  %   Files
----- ----- ---  -----
   67    38 100  ultra-pwm.c
  809     0   0  ..\..\..\..\..\Program Files (x86)\PICC\Devices\16f887.h
----- -----
  876    38 Total

Page ROM  %  RAM    Vol Diff  Functions:
---- --- --- ---    --- ----  ----------
0     20   3    1             @delay_ms1
0    449  65    0    307  4.0  get_distance
 Inline         2             @ITOF
 Inline        13             @MULFF
 Inline        14             @DIVFF
0    158  23    0    609  4.8  MAIN
0     63   9   10             @FLT
 Inline         0             @cinit1

Program metrics:
    Functions               2
    Statements              38
    Comments                141
    Volume (V)              1085
    Difficulty (D)          8.2
    Effort to implement (E) 8927
    Time to implement (T)   8 minutes
    Est Delivered Bugs (B)  0
    Cyclomatic Complexity   2
    Maintainability (MI)    112

 Segment     Used  Free
-----------  ----  ----
00000-00003     4  0  
00004-007FF   690  1354  
00800-00FFF     0  2048  
01000-017FF     0  2048  
01800-01FFF     0  2048  



